Arguments: 
  C:\Program Files\nodejs\node.exe C:\Users\Yair\.node\corepack\yarn\1.22.15\bin\yarn.js add -D vite-imagetools

PATH: 
  C:\Windows\system32;C:\Windows;C:\Windows\System32\Wbem;C:\Windows\System32\WindowsPowerShell\v1.0\;C:\Windows\System32\OpenSSH\;C:\ProgramData\chocolatey\bin;C:\Program Files\Git\cmd;C:\Program Files (x86)\NVIDIA Corporation\PhysX\Common;C:\Go\bin;;C:\Program Files\NVIDIA Corporation\NVIDIA NvDLISR;C:\Program Files\nodejs\;C:\Program Files\OpenJDK\openjdk-11.0.13_8\bin;C:\Users\Yair\AppData\Local\Programs\Python\Python310\Scripts\;C:\Users\Yair\AppData\Local\Programs\Python\Python310\;C:\Users\Yair\AppData\Local\Programs\Python\Launcher\;C:\Users\Yair\AppData\Local\Microsoft\WindowsApps;C:\Users\Yair\AppData\Local\Programs\Microsoft VS Code\bin;C:\Users\Yair\AppData\Local\GitHubDesktop\bin;C:\Go\bin;C:\Users\Yair\AppData\Roaming\npm;C:\Users\Yair\AppData\Local\Android\Sdk\platform-tools;

Yarn version: 
  1.22.15

Node version: 
  16.14.0

Platform: 
  win32 x64

Trace: 
  Error: ENOENT: no such file or directory, copyfile 'C:\Users\Yair\AppData\Local\Yarn\Cache\v6\npm-estraverse-4.3.0-398ad3f3c5a24948be7725e83d11a7de28cdbd1d-integrity\node_modules\estraverse\.jshintrc' -> 'C:\Projects\svelte-boost\node_modules\@typescript-eslint\utils\node_modules\estraverse\.jshintrc'

npm manifest: 
  {
  	"name": "my-sveltekit-app",
  	"version": "0.0.1",
  	"scripts": {
  		"dev": "vite dev",
  		"build": "vite build",
  		"preview": "vite preview",
  		"test": "playwright test",
  		"check": "svelte-kit sync && svelte-check --tsconfig ./tsconfig.json",
  		"check:watch": "svelte-kit sync && svelte-check --tsconfig ./tsconfig.json --watch",
  		"lint": "prettier --plugin-search-dir . --check . && eslint .",
  		"format": "prettier --plugin-search-dir . --write ."
  	},
  	"devDependencies": {
  		"@fontsource/fira-mono": "^4.5.0",
  		"@neoconfetti/svelte": "^1.0.0",
  		"@playwright/test": "1.25.0",
  		"@sveltejs/adapter-auto": "next",
  		"@sveltejs/adapter-node": "^1.0.0-next.100",
  		"@sveltejs/adapter-static": "^1.0.0-next.48",
  		"@sveltejs/kit": "next",
  		"@types/cookie": "^0.5.1",
  		"@typescript-eslint/eslint-plugin": "^5.27.0",
  		"@typescript-eslint/parser": "^5.27.0",
  		"eslint": "^8.16.0",
  		"eslint-config-prettier": "^8.3.0",
  		"eslint-plugin-svelte3": "^4.0.0",
  		"prettier": "^2.6.2",
  		"prettier-plugin-svelte": "^2.7.0",
  		"svelte": "^3.46.0",
  		"svelte-check": "^2.7.1",
  		"svelte-preprocess": "^4.10.6",
  		"tslib": "^2.3.1",
  		"typescript": "^4.7.4",
  		"vite": "^3.1.0"
  	},
  	"type": "module",
  	"dependencies": {
  		"node-fetch": "^3.3.0"
  	}
  }

yarn manifest: 
  No manifest

Lockfile: 
  No lockfile
